<?xml version="1.0" encoding="UTF-8"?>
<!-- Generated by org.testng.reporters.JUnitXMLReporter -->
<testsuite hostname="DESKTOP-UE9M3HC" ignored="0" name="Default test" tests="10" failures="1" timestamp="18 Jan 2019 08:57:59 GMT" time="0.311" errors="0">
  <testcase name="@BeforeTest Setup" time="0.161" classname="fashionStoreTestSuite.Reg_FS">
    <failure type="java.lang.NullPointerException">
      <![CDATA[java.lang.NullPointerException
at java.io.File.<init>(File.java:277)
at fashionStoreTestSuite.Reg_FS.Setup(Reg_FS.java:53)
at sun.reflect.NativeMethodAccessorImpl.invoke0(Native Method)
at sun.reflect.NativeMethodAccessorImpl.invoke(NativeMethodAccessorImpl.java:62)
at sun.reflect.DelegatingMethodAccessorImpl.invoke(DelegatingMethodAccessorImpl.java:43)
at java.lang.reflect.Method.invoke(Method.java:498)
at org.testng.internal.MethodInvocationHelper.invokeMethod(MethodInvocationHelper.java:124)
at org.testng.internal.MethodInvocationHelper.invokeMethodConsideringTimeout(MethodInvocationHelper.java:59)
at org.testng.internal.Invoker.invokeConfigurationMethod(Invoker.java:455)
at org.testng.internal.Invoker.invokeConfigurations(Invoker.java:222)
at org.testng.internal.Invoker.invokeConfigurations(Invoker.java:142)
at org.testng.TestRunner.beforeRun(TestRunner.java:529)
at org.testng.TestRunner.run(TestRunner.java:497)
at org.testng.SuiteRunner.runTest(SuiteRunner.java:455)
at org.testng.SuiteRunner.runSequentially(SuiteRunner.java:450)
at org.testng.SuiteRunner.privateRun(SuiteRunner.java:415)
at org.testng.SuiteRunner.run(SuiteRunner.java:364)
at org.testng.SuiteRunnerWorker.runSuite(SuiteRunnerWorker.java:52)
at org.testng.SuiteRunnerWorker.run(SuiteRunnerWorker.java:84)
at org.testng.TestNG.runSuitesSequentially(TestNG.java:1208)
at org.testng.TestNG.runSuitesLocally(TestNG.java:1137)
at org.testng.TestNG.runSuites(TestNG.java:1049)
at org.testng.TestNG.run(TestNG.java:1017)
at org.testng.remote.AbstractRemoteTestNG.run(AbstractRemoteTestNG.java:114)
at org.testng.remote.RemoteTestNG.initAndRun(RemoteTestNG.java:251)
at org.testng.remote.RemoteTestNG.main(RemoteTestNG.java:77)
]]>
    </failure>
  </testcase> <!-- @BeforeTest Setup -->
  <testcase name="@BeforeMethod register" time="0.0" classname="fashionStoreTestSuite.Reg_FS">
    <skipped/>
  </testcase> <!-- @BeforeMethod register -->
  <testcase name="@AfterMethod captureStatus" time="0.0" classname="fashionStoreTestSuite.Reg_FS">
    <skipped/>
  </testcase> <!-- @AfterMethod captureStatus -->
  <testcase name="@BeforeMethod register" time="0.0" classname="fashionStoreTestSuite.Reg_FS">
    <skipped/>
  </testcase> <!-- @BeforeMethod register -->
  <testcase name="@AfterMethod captureStatus" time="0.0" classname="fashionStoreTestSuite.Reg_FS">
    <skipped/>
  </testcase> <!-- @AfterMethod captureStatus -->
  <testcase name="@BeforeMethod register" time="0.0" classname="fashionStoreTestSuite.Reg_FS">
    <skipped/>
  </testcase> <!-- @BeforeMethod register -->
  <testcase name="@AfterMethod captureStatus" time="0.0" classname="fashionStoreTestSuite.Reg_FS">
    <skipped/>
  </testcase> <!-- @AfterMethod captureStatus -->
  <testcase name="@BeforeMethod register" time="0.0" classname="fashionStoreTestSuite.Reg_FS">
    <skipped/>
  </testcase> <!-- @BeforeMethod register -->
  <testcase name="@AfterMethod captureStatus" time="0.0" classname="fashionStoreTestSuite.Reg_FS">
    <skipped/>
  </testcase> <!-- @AfterMethod captureStatus -->
  <testcase name="@BeforeMethod register" time="0.0" classname="fashionStoreTestSuite.Reg_FS">
    <skipped/>
  </testcase> <!-- @BeforeMethod register -->
  <testcase name="@AfterMethod captureStatus" time="0.0" classname="fashionStoreTestSuite.Reg_FS">
    <skipped/>
  </testcase> <!-- @AfterMethod captureStatus -->
  <testcase name="@BeforeMethod register" time="0.0" classname="fashionStoreTestSuite.Reg_FS">
    <skipped/>
  </testcase> <!-- @BeforeMethod register -->
  <testcase name="@AfterMethod captureStatus" time="0.0" classname="fashionStoreTestSuite.Reg_FS">
    <skipped/>
  </testcase> <!-- @AfterMethod captureStatus -->
  <testcase name="@BeforeMethod register" time="0.0" classname="fashionStoreTestSuite.Reg_FS">
    <skipped/>
  </testcase> <!-- @BeforeMethod register -->
  <testcase name="@AfterMethod captureStatus" time="0.0" classname="fashionStoreTestSuite.Reg_FS">
    <skipped/>
  </testcase> <!-- @AfterMethod captureStatus -->
  <testcase name="@BeforeMethod register" time="0.0" classname="fashionStoreTestSuite.Reg_FS">
    <skipped/>
  </testcase> <!-- @BeforeMethod register -->
  <testcase name="@AfterMethod captureStatus" time="0.0" classname="fashionStoreTestSuite.Reg_FS">
    <skipped/>
  </testcase> <!-- @AfterMethod captureStatus -->
  <testcase name="@BeforeMethod register" time="0.0" classname="fashionStoreTestSuite.Reg_FS">
    <skipped/>
  </testcase> <!-- @BeforeMethod register -->
  <testcase name="@AfterMethod captureStatus" time="0.0" classname="fashionStoreTestSuite.Reg_FS">
    <skipped/>
  </testcase> <!-- @AfterMethod captureStatus -->
  <testcase name="@AfterTest cleanup" time="0.0" classname="fashionStoreTestSuite.Reg_FS">
    <skipped/>
  </testcase> <!-- @AfterTest cleanup -->
  <testcase name="launchBrowser" time="0.0" classname="fashionStoreTestSuite.Reg_FS">
    <failure type="org.testng.TestNGException" message="
Parameter &amp;apos;browser&amp;apos; is required by @Test on method launchBrowser but has not been marked @Optional or defined
in C:\Users\JOSEPHGomes\AppData\Local\Temp\testng-eclipse--1534427662\testng-customsuite.xml">
      <![CDATA[org.testng.TestNGException: 
Parameter 'browser' is required by @Test on method launchBrowser but has not been marked @Optional or defined
in C:\Users\JOSEPHGomes\AppData\Local\Temp\testng-eclipse--1534427662\testng-customsuite.xml
at org.testng.internal.Parameters.createParams(Parameters.java:290)
at org.testng.internal.Parameters.createParametersForMethod(Parameters.java:359)
at org.testng.internal.Parameters.createParameters(Parameters.java:620)
at org.testng.internal.Parameters.handleParameters(Parameters.java:769)
at org.testng.internal.ParameterHandler.handleParameters(ParameterHandler.java:49)
at org.testng.internal.ParameterHandler.createParameters(ParameterHandler.java:37)
at org.testng.internal.Invoker.invokeTestMethods(Invoker.java:923)
at org.testng.internal.TestMethodWorker.invokeTestMethods(TestMethodWorker.java:125)
at org.testng.internal.TestMethodWorker.run(TestMethodWorker.java:109)
at org.testng.TestRunner.privateRun(TestRunner.java:648)
at org.testng.TestRunner.run(TestRunner.java:505)
at org.testng.SuiteRunner.runTest(SuiteRunner.java:455)
at org.testng.SuiteRunner.runSequentially(SuiteRunner.java:450)
at org.testng.SuiteRunner.privateRun(SuiteRunner.java:415)
at org.testng.SuiteRunner.run(SuiteRunner.java:364)
at org.testng.SuiteRunnerWorker.runSuite(SuiteRunnerWorker.java:52)
at org.testng.SuiteRunnerWorker.run(SuiteRunnerWorker.java:84)
at org.testng.TestNG.runSuitesSequentially(TestNG.java:1208)
at org.testng.TestNG.runSuitesLocally(TestNG.java:1137)
at org.testng.TestNG.runSuites(TestNG.java:1049)
at org.testng.TestNG.run(TestNG.java:1017)
at org.testng.remote.AbstractRemoteTestNG.run(AbstractRemoteTestNG.java:114)
at org.testng.remote.RemoteTestNG.initAndRun(RemoteTestNG.java:251)
at org.testng.remote.RemoteTestNG.main(RemoteTestNG.java:77)
]]>
    </failure>
  </testcase> <!-- launchBrowser -->
  <testcase name="Launch_FashionStore" time="0.0" classname="fashionStoreTestSuite.Reg_FS">
    <skipped/>
  </testcase> <!-- Launch_FashionStore -->
  <testcase name="Go_Shopping" time="0.0" classname="fashionStoreTestSuite.Reg_FS">
    <skipped/>
  </testcase> <!-- Go_Shopping -->
  <testcase name="Add_to_Cart" time="0.0" classname="fashionStoreTestSuite.Reg_FS">
    <skipped/>
  </testcase> <!-- Add_to_Cart -->
  <testcase name="Go2Cart_andCheckout" time="0.0" classname="fashionStoreTestSuite.Reg_FS">
    <skipped/>
  </testcase> <!-- Go2Cart_andCheckout -->
  <testcase name="Select_Bank" time="0.0" classname="fashionStoreTestSuite.Reg_FS">
    <skipped/>
  </testcase> <!-- Select_Bank -->
  <testcase name="Authenticate_AT_Forgerock" time="0.0" classname="fashionStoreTestSuite.Reg_FS">
    <skipped/>
  </testcase> <!-- Authenticate_AT_Forgerock -->
  <testcase name="Select_Account_Pay" time="0.0" classname="fashionStoreTestSuite.Reg_FS">
    <skipped/>
  </testcase> <!-- Select_Account_Pay -->
  <testcase name="Payment_Successful" time="0.0" classname="fashionStoreTestSuite.Reg_FS">
    <skipped/>
  </testcase> <!-- Payment_Successful -->
  <testcase name="Close_Browser" time="0.0" classname="fashionStoreTestSuite.Reg_FS">
    <skipped/>
  </testcase> <!-- Close_Browser -->
</testsuite> <!-- Default test -->
